<?xml version="1.0" encoding="UTF-8"?>
<!-- Generated by org.testng.reporters.JUnitReportReporter -->
<testsuite hostname="GANESH" failures="0" tests="3" name="SuiteAnnotationPractice.TestCase2" time="0.003" errors="0" timestamp="2022-09-27T21:13:47 IST" skipped="0">
  <testcase classname="SuiteAnnotationPractice.TestCase2" name="m5" time="0.001"/>
  <system-out/>
  <testcase classname="SuiteAnnotationPractice.TestCase2" name="m6" time="0.001"/>
  <system-out/>
  <testcase classname="SuiteAnnotationPractice.TestCase2" name="m4" time="0.001"/>
  <system-out/>
</testsuite> <!-- SuiteAnnotationPractice.TestCase2 -->
