<?xml version="1.0" encoding="UTF-8"?>
<!-- Generated by org.testng.reporters.JUnitReportReporter -->
<testsuite hostname="GANESH" failures="0" tests="12" name="ParameterisationCrossBrowserPractice.AllBrowser" time="15.791" errors="0" timestamp="2022-09-29T11:21:08 IST" skipped="0">
  <testcase classname="ParameterisationCrossBrowserPractice.AllBrowser" name="CrossBrowserTesting" time="6.134"/>
  <system-out/>
  <testcase classname="ParameterisationCrossBrowserPractice.AllBrowser" name="CrossBrowserTesting" time="8.004"/>
  <system-out/>
  <testcase classname="ParameterisationCrossBrowserPractice.AllBrowser" name="VerifyCurrentUrl" time="0.035"/>
  <system-out/>
  <testcase classname="ParameterisationCrossBrowserPractice.AllBrowser" name="VerifyCurrentUrl" time="0.052"/>
  <system-out/>
  <testcase classname="ParameterisationCrossBrowserPractice.AllBrowser" name="VerifyPageTitle" time="0.030"/>
  <system-out/>
  <testcase classname="ParameterisationCrossBrowserPractice.AllBrowser" name="VerifyPageTitle" time="0.022"/>
  <system-out/>
  <testcase classname="ParameterisationCrossBrowserPractice.AllBrowser" name="VerifyUserNameField" time="0.228"/>
  <system-out/>
  <testcase classname="ParameterisationCrossBrowserPractice.AllBrowser" name="VerifyUserNameField" time="0.317"/>
  <system-out/>
  <testcase classname="ParameterisationCrossBrowserPractice.AllBrowser" name="VerifyPasswordField" time="0.264"/>
  <system-out/>
  <testcase classname="ParameterisationCrossBrowserPractice.AllBrowser" name="VerifyPasswordField" time="0.359"/>
  <system-out/>
  <testcase classname="ParameterisationCrossBrowserPractice.AllBrowser" name="ClickforgotPasswordLink" time="0.188"/>
  <system-out/>
  <testcase classname="ParameterisationCrossBrowserPractice.AllBrowser" name="ClickforgotPasswordLink" time="0.158"/>
  <system-out/>
</testsuite> <!-- ParameterisationCrossBrowserPractice.AllBrowser -->
