<?xml version="1.0" encoding="UTF-8"?>
<!-- Generated by org.testng.reporters.JUnitReportReporter -->
<testsuite hostname="GANESH" failures="0" tests="3" name="TestAnnotationPractice.TestCase2" time="0.002" errors="0" timestamp="2022-09-27T21:13:47 IST" skipped="0">
  <testcase classname="TestAnnotationPractice.TestCase2" name="m4" time="0.000"/>
  <system-out/>
  <testcase classname="TestAnnotationPractice.TestCase2" name="m5" time="0.001"/>
  <system-out/>
  <testcase classname="TestAnnotationPractice.TestCase2" name="m6" time="0.001"/>
  <system-out/>
</testsuite> <!-- TestAnnotationPractice.TestCase2 -->
