<?xml version="1.0" encoding="UTF-8"?>
<!-- Generated by org.testng.reporters.JUnitReportReporter -->
<testsuite hostname="GANESH" failures="0" tests="1" name="PomWithPageFactoryPractice.RegistrationTest" time="1.767" errors="0" timestamp="2022-10-01T18:15:37 IST" skipped="0">
  <testcase classname="PomWithPageFactoryPractice.RegistrationTest" name="FacebookRegistrationPageTest_Positive" time="1.767"/>
  <system-out/>
</testsuite> <!-- PomWithPageFactoryPractice.RegistrationTest -->
