<?xml version="1.0" encoding="UTF-8"?>
<!-- Generated by org.testng.reporters.JUnitReportReporter -->
<testsuite hostname="GANESH" failures="0" tests="3" name="TestAnnotationPractice.TestCase1" time="0.002" errors="0" timestamp="2022-09-27T21:13:47 IST" skipped="0">
  <testcase classname="TestAnnotationPractice.TestCase1" name="m3" time="0.001"/>
  <system-out/>
  <testcase classname="TestAnnotationPractice.TestCase1" name="m2" time="0.000"/>
  <system-out/>
  <testcase classname="TestAnnotationPractice.TestCase1" name="m1" time="0.001"/>
  <system-out/>
</testsuite> <!-- TestAnnotationPractice.TestCase1 -->
