<?xml version="1.0" encoding="UTF-8"?>
<!-- Generated by org.testng.reporters.JUnitReportReporter -->
<testsuite hostname="GANESH" failures="0" tests="7" name="KeywordsPractice.EnabledKeywordPractice" time="0.007" errors="0" timestamp="2022-09-27T21:13:47 IST" skipped="0">
  <testcase classname="KeywordsPractice.EnabledKeywordPractice" name="SettingsPageTest" time="0.002"/>
  <system-out/>
  <testcase classname="KeywordsPractice.EnabledKeywordPractice" name="HomePageTest" time="0.002"/>
  <system-out/>
  <testcase classname="KeywordsPractice.EnabledKeywordPractice" name="NotificationPageTest" time="0.001"/>
  <system-out/>
  <testcase classname="KeywordsPractice.EnabledKeywordPractice" name="NotificationPageTest" time="0.000"/>
  <system-out/>
  <testcase classname="KeywordsPractice.EnabledKeywordPractice" name="NotificationPageTest" time="0.000"/>
  <system-out/>
  <testcase classname="KeywordsPractice.EnabledKeywordPractice" name="NotificationPageTest" time="0.001"/>
  <system-out/>
  <testcase classname="KeywordsPractice.EnabledKeywordPractice" name="NotificationPageTest" time="0.001"/>
  <system-out/>
</testsuite> <!-- KeywordsPractice.EnabledKeywordPractice -->
