<?xml version="1.0" encoding="UTF-8"?>
<!-- Generated by org.testng.reporters.JUnitReportReporter -->
<testsuite hostname="GANESH" failures="0" tests="3" name="Basics.BeforeMethodAfterMethodPractice" time="0.005" errors="0" timestamp="2022-09-27T21:13:47 IST" skipped="0">
  <testcase classname="Basics.BeforeMethodAfterMethodPractice" name="profilepage" time="0.002"/>
  <system-out>
    <![CDATA[Checking the profilepage]]>
  </system-out>
  <testcase classname="Basics.BeforeMethodAfterMethodPractice" name="notificationpage" time="0.001"/>
  <system-out>
    <![CDATA[checking the notificationpage]]>
  </system-out>
  <testcase classname="Basics.BeforeMethodAfterMethodPractice" name="homepage" time="0.002"/>
  <system-out>
    <![CDATA[Checking the homepage]]>
  </system-out>
</testsuite> <!-- Basics.BeforeMethodAfterMethodPractice -->
