<?xml version="1.0" encoding="UTF-8"?>
<!-- Generated by org.testng.reporters.JUnitReportReporter -->
<testsuite hostname="GANESH" failures="0" tests="3" name="GroupingPractice.TestCase1" time="0.006" errors="0" timestamp="2022-09-27T21:18:13 IST" skipped="0">
  <testcase classname="GroupingPractice.TestCase1" name="Test1" time="0.004"/>
  <system-out/>
  <testcase classname="GroupingPractice.TestCase1" name="Test2" time="0.001"/>
  <system-out/>
  <testcase classname="GroupingPractice.TestCase1" name="Test3" time="0.001"/>
  <system-out/>
</testsuite> <!-- GroupingPractice.TestCase1 -->
