<?xml version="1.0" encoding="UTF-8"?>
<!-- Generated by org.testng.reporters.JUnitReportReporter -->
<testsuite hostname="GANESH" failures="0" tests="3" name="GroupingPractice.TestCase3" time="0.002" errors="0" timestamp="2022-09-27T21:18:13 IST" skipped="0">
  <testcase classname="GroupingPractice.TestCase3" name="Test8" time="0.001"/>
  <system-out/>
  <testcase classname="GroupingPractice.TestCase3" name="Test9" time="0.000"/>
  <system-out/>
  <testcase classname="GroupingPractice.TestCase3" name="Test7" time="0.001"/>
  <system-out/>
</testsuite> <!-- GroupingPractice.TestCase3 -->
