<?xml version="1.0" encoding="UTF-8"?>
<!-- Generated by org.testng.reporters.JUnitReportReporter -->
<testsuite hostname="GANESH" failures="0" tests="3" name="Basics.Introduction" time="0.003" errors="0" timestamp="2022-09-27T21:13:47 IST" skipped="0">
  <testcase classname="Basics.Introduction" name="openUrl" time="0.001"/>
  <system-out/>
  <testcase classname="Basics.Introduction" name="login" time="0.001"/>
  <system-out/>
  <testcase classname="Basics.Introduction" name="logout" time="0.001"/>
  <system-out/>
</testsuite> <!-- Basics.Introduction -->
