<?xml version="1.0" encoding="UTF-8"?>
<!-- Generated by org.testng.reporters.JUnitReportReporter -->
<testsuite hostname="GANESH" failures="0" tests="5" name="KeywordsPractice.InvocationCountWithThreadPoolSizePractice" time="22.098" errors="0" timestamp="2022-09-27T21:13:47 IST" skipped="0">
  <testcase classname="KeywordsPractice.InvocationCountWithThreadPoolSizePractice" name="OpenBrowser" time="4.015"/>
  <system-out/>
  <testcase classname="KeywordsPractice.InvocationCountWithThreadPoolSizePractice" name="OpenBrowser" time="4.030"/>
  <system-out/>
  <testcase classname="KeywordsPractice.InvocationCountWithThreadPoolSizePractice" name="OpenBrowser" time="3.983"/>
  <system-out/>
  <testcase classname="KeywordsPractice.InvocationCountWithThreadPoolSizePractice" name="OpenBrowser" time="6.032"/>
  <system-out/>
  <testcase classname="KeywordsPractice.InvocationCountWithThreadPoolSizePractice" name="OpenBrowser" time="4.038"/>
  <system-out/>
</testsuite> <!-- KeywordsPractice.InvocationCountWithThreadPoolSizePractice -->
